lib/features/player/presentation/pages/player_dashboard.dart:65:15: Error: The method 'CustomAppBar' isn't defined for the class '_PlayerDashboardState'.     
 - '_PlayerDashboardState' is from 'package:ekkalavya_sports_ai/features/player/presentation/pages/player_dashboard.dart' ('lib/features/player/presentation/pages/player_dashboard.dart').
Try correcting the name to the name of an existing method, or defining a method named 'CustomAppBar'.
      appBar: CustomAppBar(
              ^^^^^^^^^^^^
lib/features/player/presentation/pages/player_profile.dart:46:15: Error: The method 'CustomAppBar' isn't defined for the class '_PlayerProfileState'.
 - '_PlayerProfileState' is from 'package:ekkalavya_sports_ai/features/player/presentation/pages/player_profile.dart' ('lib/features/player/presentation/pages/player_profile.dart').
Try correcting the name to the name of an existing method, or defining a method named 'CustomAppBar'.
      appBar: CustomAppBar(
              ^^^^^^^^^^^^
lib/features/player/presentation/pages/performance_analytics.dart:21:21: Error: Couldn't find constructor 'CustomAppBar'.
      appBar: const CustomAppBar(title: 'Performance Analytics'),
                    ^^^^^^^^^^^^
lib/features/player/presentation/pages/training_page.dart:18:21: Error: Couldn't find constructor 'CustomAppBar'.
      appBar: const CustomAppBar(
                    ^^^^^^^^^^^^
lib/features/player/presentation/pages/schedule_page.dart:20:21: Error: Couldn't find constructor 'CustomAppBar'.
      appBar: const CustomAppBar(
                    ^^^^^^^^^^^^
lib/features/player/presentation/pages/coaches_page.dart:25:21: Error: Couldn't find constructor 'CustomAppBar'.
      appBar: const CustomAppBar(
                    ^^^^^^^^^^^^
lib/features/coach/presentation/pages/coach_dashboard.dart:26:15: Error: The method 'CustomAppBar' isn't defined for the class '_CoachDashboardState'.        
 - '_CoachDashboardState' is from 'package:ekkalavya_sports_ai/features/coach/presentation/pages/coach_dashboard.dart' ('lib/features/coach/presentation/pages/coach_dashboard.dart').
Try correcting the name to the name of an existing method, or defining a method named 'CustomAppBar'.
      appBar: CustomAppBar(
              ^^^^^^^^^^^^
lib/features/coach/presentation/pages/coach_dashboard.dart:769:26: Error: The getter 'context' isn't defined for the class '_UpcomingSessions'.
 - '_UpcomingSessions' is from 'package:ekkalavya_sports_ai/features/coach/presentation/pages/coach_dashboard.dart' ('lib/features/coach/presentation/pages/coach_dashboard.dart').
Try correcting the name to the name of an existing getter, or defining a getter or field named 'context'.
                context: context,
                         ^^^^^^^
lib/features/coach/presentation/pages/coach_profile.dart:53:15: Error: The method 'CustomAppBar' isn't defined for the class '_CoachProfileState'.
 - '_CoachProfileState' is from 'package:ekkalavya_sports_ai/features/coach/presentation/pages/coach_profile.dart' ('lib/features/coach/presentation/pages/coach_profile.dart').
Try correcting the name to the name of an existing method, or defining a method named 'CustomAppBar'.
      appBar: CustomAppBar(
              ^^^^^^^^^^^^
lib/features/coach/presentation/pages/students_management.dart:34:21: Error: Couldn't find constructor 'CustomAppBar'.
      appBar: const CustomAppBar(title: 'Students Management'),
                    ^^^^^^^^^^^^
lib/features/coach/presentation/pages/video_consultation.dart:70:21: Error: Couldn't find constructor 'CustomAppBar'.
      appBar: const CustomAppBar(title: 'Video Consultation'),
                    ^^^^^^^^^^^^
lib/features/shared/presentation/widgets/custom_app_bar.dart:26:15: Error: The method 'CustomAppBar' isn't defined for the class '_CoachDashboardState'.      
 - '_CoachDashboardState' is from 'package:ekkalavya_sports_ai/features/shared/presentation/widgets/custom_app_bar.dart' ('lib/features/shared/presentation/widgets/custom_app_bar.dart').
Try correcting the name to the name of an existing method, or defining a method named 'CustomAppBar'.
      appBar: CustomAppBar(
              ^^^^^^^^^^^^
lib/features/shared/presentation/widgets/custom_app_bar.dart:745:15: Error: The method '_startVideoSession' isn't defined for the class '_UpcomingSessions'.  
 - '_UpcomingSessions' is from 'package:ekkalavya_sports_ai/features/shared/presentation/widgets/custom_app_bar.dart' ('lib/features/shared/presentation/widgets/custom_app_bar.dart').
Try correcting the name to the name of an existing method, or defining a method named '_startVideoSession'.
              _startVideoSession(context, student);
              ^^^^^^^^^^^^^^^^^^
lib/features/shared/presentation/widgets/custom_app_bar.dart:745:34: Error: The getter 'context' isn't defined for the class '_UpcomingSessions'.
 - '_UpcomingSessions' is from 'package:ekkalavya_sports_ai/features/shared/presentation/widgets/custom_app_bar.dart' ('lib/features/shared/presentation/widgets/custom_app_bar.dart').
Try correcting the name to the name of an existing getter, or defining a getter or field named 'context'.
              _startVideoSession(context, student);
                                 ^^^^^^^
lib/features/shared/presentation/widgets/custom_app_bar.dart:745:43: Error: The getter 'student' isn't defined for the class '_UpcomingSessions'.
 - '_UpcomingSessions' is from 'package:ekkalavya_sports_ai/features/shared/presentation/widgets/custom_app_bar.dart' ('lib/features/shared/presentation/widgets/custom_app_bar.dart').
Try correcting the name to the name of an existing getter, or defining a getter or field named 'student'.
              _startVideoSession(context, student);
                                          ^^^^^^^
Target kernel_snapshot_program failed: Exception


FAILURE: Build failed with an exception.

* What went wrong:
Execution failed for task ':app:compileFlutterBuildDebug'.
> Process 'command 'C:\flutter\bin\flutter.bat'' finished with non-zero exit value 1

* Try:
> Run with --stacktrace option to get the stack trace.
> Run with --scan to get full insights.
> Get more help at https://help.gradle.org.

BUILD FAILED in 1m 1s
Running Gradle task 'assembleDebug'...                             62.8s
Gradle task assembleDebug failed with exit code 1
PS C:\Users\User\Desktop\EkkalavyaSportsAI (4)\EkkalavyaSportsAI\flutter_app> flutter clean
Deleting build...                                                   25ms
Deleting .dart_tool...                                              27ms
Deleting ephemeral...                                                2ms
Deleting Generated.xcconfig...                                       3ms
Deleting flutter_export_environment.sh...         